
Serial: 
0: ****************************************************************************************************
Static schedule with chunk size = 1: 
0: *    *    *    *    *    *    *    *    *    *    *    *    *    *    *    *    *    *    *    *    
1:  *    *    *    *    *    *    *    *    *    *    *    *    *    *    *    *    *    *    *    *   
2:   *    *    *    *    *    *    *    *    *    *    *    *    *    *    *    *    *    *    *    *  
3:    *    *    *    *    *    *    *    *    *    *    *    *    *    *    *    *    *    *    *    * 
4:     *    *    *    *    *    *    *    *    *    *    *    *    *    *    *    *    *    *    *    *
Static schedule with chunk size = 10:
0: **********                                        **********                                        
1:           **********                                        **********                              
2:                     **********                                        **********                    
3:                               **********                                        **********          
4:                                         **********                                        **********
Dynamic schedule with chunk size = 1:
0:   *                                                                                                *
1:                                                         *    * ******* * **** ********* *  * *   *  
2: *                                                                                                   
3:  *                                                                                        *   * *   
4:    ***************************************************** **** *       * *    *         * *  *  *  * 
Dynamic schedule with chunk size = 10:
0:                                                                                 **********          
1:                                                                       **********                    
2:                                                                                           **********
3:                                         **********          **********                              
4: ****************************************          **********                   
